[INFO  - 2017-03-24T20:50:13.046Z] GhostDriver - Main - running on port 51795
[INFO  - 2017-03-24T20:50:13.594Z] Session [7a680230-10d3-11e7-828a-7d628f3eeb0e] - page.settings - {"XSSAuditingEnabled":false,"javascriptCanCloseWindows":true,"javascriptCanOpenWindows":true,"javascriptEnabled":true,"loadImages":true,"localToRemoteUrlAccessEnabled":false,"userAgent":"Mozilla/5.0 (Macintosh; Intel Mac OS X) AppleWebKit/538.1 (KHTML, like Gecko) PhantomJS/2.1.1 Safari/538.1","webSecurityEnabled":true}
[INFO  - 2017-03-24T20:50:13.595Z] Session [7a680230-10d3-11e7-828a-7d628f3eeb0e] - page.customHeaders:  - {}
[INFO  - 2017-03-24T20:50:13.595Z] Session [7a680230-10d3-11e7-828a-7d628f3eeb0e] - Session.negotiatedCapabilities - {"browserName":"phantomjs","version":"2.1.1","driverName":"ghostdriver","driverVersion":"1.2.0","platform":"mac-10.11 (El Capitan)-64bit","javascriptEnabled":true,"takesScreenshot":true,"handlesAlerts":false,"databaseEnabled":false,"locationContextEnabled":false,"applicationCacheEnabled":false,"browserConnectionEnabled":false,"cssSelectorsEnabled":true,"webStorageEnabled":false,"rotatable":false,"acceptSslCerts":false,"nativeEvents":true,"proxy":{"proxyType":"direct"}}
[INFO  - 2017-03-24T20:50:13.595Z] SessionManagerReqHand - _postNewSessionCommand - New Session Created: 7a680230-10d3-11e7-828a-7d628f3eeb0e
[ERROR - 2017-03-24T20:50:34.788Z] Session [7a680230-10d3-11e7-828a-7d628f3eeb0e] - page.onError - msg: routeHome failed to find home pg widget id for pmt tmpl id = 9

  phantomjs://platform/console++.js:263 in error
[ERROR - 2017-03-24T20:50:34.788Z] Session [7a680230-10d3-11e7-828a-7d628f3eeb0e] - page.onError - stack:
  b (https://store.playstation.com/pc/js/webstore-module-startup.f6fcb51e.js:1)

  phantomjs://platform/console++.js:263 in error
[ERROR - 2017-03-24T20:50:34.789Z] Session [7a680230-10d3-11e7-828a-7d628f3eeb0e] - page.onError - msg: routeHome failed to find home pg widget id for pmt tmpl id = 10

  phantomjs://platform/console++.js:263 in error
[ERROR - 2017-03-24T20:50:34.789Z] Session [7a680230-10d3-11e7-828a-7d628f3eeb0e] - page.onError - stack:
  b (https://store.playstation.com/pc/js/webstore-module-startup.f6fcb51e.js:1)

  phantomjs://platform/console++.js:263 in error
[INFO  - 2017-03-24T20:55:13.038Z] SessionManagerReqHand - _cleanupWindowlessSessions - Asynchronous Sessions clean-up phase starting NOW
[ERROR - 2017-03-24T20:57:43.220Z] Session [7a680230-10d3-11e7-828a-7d628f3eeb0e] - page.onError - msg: missing model when rendering grid panel

  phantomjs://platform/console++.js:263 in error
[ERROR - 2017-03-24T20:57:43.220Z] Session [7a680230-10d3-11e7-828a-7d628f3eeb0e] - page.onError - stack:
  b (https://store.playstation.com/pc/js/webstore-module-startup.f6fcb51e.js:1)

  phantomjs://platform/console++.js:263 in error
[ERROR - 2017-03-24T20:57:43.220Z] Session [7a680230-10d3-11e7-828a-7d628f3eeb0e] - page.onError - msg: missing model when rendering grid panel

  phantomjs://platform/console++.js:263 in error
[ERROR - 2017-03-24T20:57:43.220Z] Session [7a680230-10d3-11e7-828a-7d628f3eeb0e] - page.onError - stack:
  b (https://store.playstation.com/pc/js/webstore-module-startup.f6fcb51e.js:1)

  phantomjs://platform/console++.js:263 in error
[ERROR - 2017-03-24T20:57:43.220Z] Session [7a680230-10d3-11e7-828a-7d628f3eeb0e] - page.onError - msg: missing model when rendering grid panel

  phantomjs://platform/console++.js:263 in error
[ERROR - 2017-03-24T20:57:43.220Z] Session [7a680230-10d3-11e7-828a-7d628f3eeb0e] - page.onError - stack:
  b (https://store.playstation.com/pc/js/webstore-module-startup.f6fcb51e.js:1)

  phantomjs://platform/console++.js:263 in error
[ERROR - 2017-03-24T20:57:43.221Z] Session [7a680230-10d3-11e7-828a-7d628f3eeb0e] - page.onError - msg: missing model when rendering grid panel

  phantomjs://platform/console++.js:263 in error
[ERROR - 2017-03-24T20:57:43.221Z] Session [7a680230-10d3-11e7-828a-7d628f3eeb0e] - page.onError - stack:
  b (https://store.playstation.com/pc/js/webstore-module-startup.f6fcb51e.js:1)

  phantomjs://platform/console++.js:263 in error
[ERROR - 2017-03-24T20:57:43.221Z] Session [7a680230-10d3-11e7-828a-7d628f3eeb0e] - page.onError - msg: missing model when rendering grid panel

  phantomjs://platform/console++.js:263 in error
[ERROR - 2017-03-24T20:57:43.221Z] Session [7a680230-10d3-11e7-828a-7d628f3eeb0e] - page.onError - stack:
  b (https://store.playstation.com/pc/js/webstore-module-startup.f6fcb51e.js:1)

  phantomjs://platform/console++.js:263 in error
[ERROR - 2017-03-24T20:57:43.221Z] Session [7a680230-10d3-11e7-828a-7d628f3eeb0e] - page.onError - msg: missing model when rendering grid panel

  phantomjs://platform/console++.js:263 in error
[ERROR - 2017-03-24T20:57:43.221Z] Session [7a680230-10d3-11e7-828a-7d628f3eeb0e] - page.onError - stack:
  b (https://store.playstation.com/pc/js/webstore-module-startup.f6fcb51e.js:1)

  phantomjs://platform/console++.js:263 in error
[ERROR - 2017-03-24T20:57:43.221Z] Session [7a680230-10d3-11e7-828a-7d628f3eeb0e] - page.onError - msg: missing model when rendering grid panel

  phantomjs://platform/console++.js:263 in error
[ERROR - 2017-03-24T20:57:43.221Z] Session [7a680230-10d3-11e7-828a-7d628f3eeb0e] - page.onError - stack:
  b (https://store.playstation.com/pc/js/webstore-module-startup.f6fcb51e.js:1)

  phantomjs://platform/console++.js:263 in error
[ERROR - 2017-03-24T20:57:43.221Z] Session [7a680230-10d3-11e7-828a-7d628f3eeb0e] - page.onError - msg: missing model when rendering grid panel

  phantomjs://platform/console++.js:263 in error
[ERROR - 2017-03-24T20:57:43.222Z] Session [7a680230-10d3-11e7-828a-7d628f3eeb0e] - page.onError - stack:
  b (https://store.playstation.com/pc/js/webstore-module-startup.f6fcb51e.js:1)

  phantomjs://platform/console++.js:263 in error
[ERROR - 2017-03-24T20:57:43.222Z] Session [7a680230-10d3-11e7-828a-7d628f3eeb0e] - page.onError - msg: missing model when rendering grid panel

  phantomjs://platform/console++.js:263 in error
[ERROR - 2017-03-24T20:57:43.222Z] Session [7a680230-10d3-11e7-828a-7d628f3eeb0e] - page.onError - stack:
  b (https://store.playstation.com/pc/js/webstore-module-startup.f6fcb51e.js:1)

  phantomjs://platform/console++.js:263 in error
[ERROR - 2017-03-24T20:57:43.222Z] Session [7a680230-10d3-11e7-828a-7d628f3eeb0e] - page.onError - msg: missing model when rendering grid panel

  phantomjs://platform/console++.js:263 in error
[ERROR - 2017-03-24T20:57:43.222Z] Session [7a680230-10d3-11e7-828a-7d628f3eeb0e] - page.onError - stack:
  b (https://store.playstation.com/pc/js/webstore-module-startup.f6fcb51e.js:1)

  phantomjs://platform/console++.js:263 in error
[ERROR - 2017-03-24T20:57:43.222Z] Session [7a680230-10d3-11e7-828a-7d628f3eeb0e] - page.onError - msg: missing model when rendering grid panel

  phantomjs://platform/console++.js:263 in error
[ERROR - 2017-03-24T20:57:43.222Z] Session [7a680230-10d3-11e7-828a-7d628f3eeb0e] - page.onError - stack:
  b (https://store.playstation.com/pc/js/webstore-module-startup.f6fcb51e.js:1)

  phantomjs://platform/console++.js:263 in error
[ERROR - 2017-03-24T20:57:43.222Z] Session [7a680230-10d3-11e7-828a-7d628f3eeb0e] - page.onError - msg: missing model when rendering grid panel

  phantomjs://platform/console++.js:263 in error
[ERROR - 2017-03-24T20:57:43.222Z] Session [7a680230-10d3-11e7-828a-7d628f3eeb0e] - page.onError - stack:
  b (https://store.playstation.com/pc/js/webstore-module-startup.f6fcb51e.js:1)

  phantomjs://platform/console++.js:263 in error
